<?xml version="1.0" encoding="UTF-8"?>
<testng-results ignored="0" total="1" passed="1" failed="0" skipped="0">
  <reporter-output>
  </reporter-output>
  <suite started-at="2024-05-05T15:06:42 IST" name="Default suite" finished-at="2024-05-05T15:06:49 IST" duration-ms="7246">
    <groups>
    </groups>
    <test started-at="2024-05-05T15:06:42 IST" name="Default test" finished-at="2024-05-05T15:06:49 IST" duration-ms="7246">
      <class name="Log_in.LoginTest">
        <test-method is-config="true" signature="open()[pri:0, instance:Log_in.LoginTest@306e95ec]" started-at="2024-05-05T15:06:42 IST" name="open" finished-at="2024-05-05T15:06:48 IST" duration-ms="5326" status="PASS">
          <reporter-output>
          </reporter-output>
        </test-method> <!-- open -->
        <test-method signature="test()[pri:0, instance:Log_in.LoginTest@306e95ec]" started-at="2024-05-05T15:06:48 IST" name="test" finished-at="2024-05-05T15:06:49 IST" duration-ms="1733" status="PASS">
          <reporter-output>
          </reporter-output>
        </test-method> <!-- test -->
        <test-method is-config="true" signature="close()[pri:0, instance:Log_in.LoginTest@306e95ec]" started-at="2024-05-05T15:06:49 IST" name="close" finished-at="2024-05-05T15:06:49 IST" duration-ms="98" status="PASS">
          <reporter-output>
          </reporter-output>
        </test-method> <!-- close -->
      </class> <!-- Log_in.LoginTest -->
    </test> <!-- Default test -->
  </suite> <!-- Default suite -->
</testng-results>
